2017-07-26 14:33:58.2579 INFO Trying to connect to DMS Dynamics CRM.
2017-07-26 14:33:58.2985 INFO Successfully connected to DMS Dynamics CRM!
2017-07-26 14:33:58.2985 INFO Checking configuration for file name to be parsed..
2017-07-26 14:33:58.3095 INFO Trying to open Vehicle Receiving.xlsx..
2017-07-26 14:33:58.3095 INFO Starting to read and validate the data..
2017-07-26 14:34:01.9011 INFO Row 1 with Vehicle Purchase Number VSFM-10073
                                             was successfully created in Receiving Transaction
                                             with record id 510c6464-cc71-e711-80bc-00155d069359
2017-07-26 14:34:16.9910 INFO Row 1 with Vehicle Purchase Number VSFM-10073
                                             successfully created a record in Receiving Transaction Detail
                                             with Id 530c6464-cc71-e711-80bc-00155d069359
2017-07-26 14:35:08.4426 ERROR Unable to save row 1 Vehicle Purchase Purchase Order Number "VSFM-10002" does not exist in the DMS.
2017-07-26 14:35:51.6817 ERROR Unable to save row 2 Vehicle Purchase Purchase Order Number "VSFM-09908" does not exist in the DMS.
2017-07-26 14:35:51.8316 ERROR Unable to save row 3 Vehicle Purchase Purchase Order Number "VSFM-09838" does not exist in the DMS.
2017-07-26 14:35:55.0412 INFO Row 4 with Vehicle Purchase Number VSFM-10109
                                             was successfully created in Receiving Transaction
                                             with record id 26738caa-cc71-e711-80bc-00155d069359
2017-07-26 14:35:56.8345 INFO Row 4 with Vehicle Purchase Number VSFM-10109
                                             successfully created a record in Receiving Transaction Detail
                                             with Id 28738caa-cc71-e711-80bc-00155d069359
2017-07-26 14:35:59.5578 INFO Row 4 with Vehicle Purchase Number VSFM-10136
                                             was successfully created in Receiving Transaction
                                             with record id 49738caa-cc71-e711-80bc-00155d069359
2017-07-26 14:36:01.1367 INFO Row 4 with Vehicle Purchase Number VSFM-10136
                                             successfully created a record in Receiving Transaction Detail
                                             with Id 4b738caa-cc71-e711-80bc-00155d069359
2017-07-26 14:36:03.9411 INFO Row 4 with Vehicle Purchase Number VSFM-10106
                                             was successfully created in Receiving Transaction
                                             with record id 6a738caa-cc71-e711-80bc-00155d069359
2017-07-26 14:36:05.6306 INFO Row 4 with Vehicle Purchase Number VSFM-10106
                                             successfully created a record in Receiving Transaction Detail
                                             with Id 6c738caa-cc71-e711-80bc-00155d069359
2017-07-26 14:36:08.3920 INFO Row 4 with Vehicle Purchase Number VSFM-10130
                                             was successfully created in Receiving Transaction
                                             with record id 29a689b0-cc71-e711-80bc-00155d069359
2017-07-26 14:36:10.1547 INFO Row 4 with Vehicle Purchase Number VSFM-10130
                                             successfully created a record in Receiving Transaction Detail
                                             with Id 2ba689b0-cc71-e711-80bc-00155d069359
2017-07-26 14:36:12.8127 INFO Row 4 with Vehicle Purchase Number VSFM-10129
                                             was successfully created in Receiving Transaction
                                             with record id 4aa689b0-cc71-e711-80bc-00155d069359
2017-07-26 14:36:14.3077 INFO Row 4 with Vehicle Purchase Number VSFM-10129
                                             successfully created a record in Receiving Transaction Detail
                                             with Id 4ca689b0-cc71-e711-80bc-00155d069359
2017-07-26 14:36:16.2980 INFO Row 4 with Vehicle Purchase Number VSFM-10134
                                             was successfully created in Receiving Transaction
                                             with record id 040789b6-cc71-e711-80bc-00155d069359
2017-07-26 14:36:17.8000 INFO Row 4 with Vehicle Purchase Number VSFM-10134
                                             successfully created a record in Receiving Transaction Detail
                                             with Id 060789b6-cc71-e711-80bc-00155d069359
2017-07-26 14:36:19.6579 INFO Row 4 with Vehicle Purchase Number VSFM-10132
                                             was successfully created in Receiving Transaction
                                             with record id 1c0789b6-cc71-e711-80bc-00155d069359
2017-07-26 14:36:21.1198 INFO Row 4 with Vehicle Purchase Number VSFM-10132
                                             successfully created a record in Receiving Transaction Detail
                                             with Id 1e0789b6-cc71-e711-80bc-00155d069359
2017-07-26 14:36:22.9777 INFO Row 4 with Vehicle Purchase Number VSFM-10131
                                             was successfully created in Receiving Transaction
                                             with record id 340789b6-cc71-e711-80bc-00155d069359
2017-07-26 14:36:24.3644 INFO Row 4 with Vehicle Purchase Number VSFM-10131
                                             successfully created a record in Receiving Transaction Detail
                                             with Id 360789b6-cc71-e711-80bc-00155d069359
2017-07-26 14:36:26.3968 INFO Row 4 with Vehicle Purchase Number VSFM-10108
                                             was successfully created in Receiving Transaction
                                             with record id ef8787bc-cc71-e711-80bc-00155d069359
2017-07-26 14:36:28.0703 INFO Row 4 with Vehicle Purchase Number VSFM-10108
                                             successfully created a record in Receiving Transaction Detail
                                             with Id f18787bc-cc71-e711-80bc-00155d069359
2017-07-26 14:36:29.9913 INFO Row 4 with Vehicle Purchase Number VSFM-10133
                                             was successfully created in Receiving Transaction
                                             with record id 078887bc-cc71-e711-80bc-00155d069359
2017-07-26 14:36:31.5505 INFO Row 4 with Vehicle Purchase Number VSFM-10133
                                             successfully created a record in Receiving Transaction Detail
                                             with Id 098887bc-cc71-e711-80bc-00155d069359
2017-07-26 14:36:34.0241 INFO Row 4 with Vehicle Purchase Number VSFM-10055
                                             was successfully created in Receiving Transaction
                                             with record id 1e8887bc-cc71-e711-80bc-00155d069359
2017-07-26 14:36:35.7717 INFO Row 4 with Vehicle Purchase Number VSFM-10055
                                             successfully created a record in Receiving Transaction Detail
                                             with Id 218887bc-cc71-e711-80bc-00155d069359
2017-07-26 14:36:38.5850 INFO Row 4 with Vehicle Purchase Number VSFM-10056
                                             was successfully created in Receiving Transaction
                                             with record id f5d691c2-cc71-e711-80bc-00155d069359
2017-07-26 14:36:40.0609 INFO Row 4 with Vehicle Purchase Number VSFM-10056
                                             successfully created a record in Receiving Transaction Detail
                                             with Id f7d691c2-cc71-e711-80bc-00155d069359
2017-07-26 14:36:42.6554 INFO Row 4 with Vehicle Purchase Number VSFM-10058
                                             was successfully created in Receiving Transaction
                                             with record id 16d791c2-cc71-e711-80bc-00155d069359
2017-07-26 14:36:44.3600 INFO Row 4 with Vehicle Purchase Number VSFM-10058
                                             successfully created a record in Receiving Transaction Detail
                                             with Id 18d791c2-cc71-e711-80bc-00155d069359
2017-07-26 14:36:47.0381 INFO Row 4 with Vehicle Purchase Number VSFM-10059
                                             was successfully created in Receiving Transaction
                                             with record id d00c8cc8-cc71-e711-80bc-00155d069359
2017-07-26 14:36:48.6313 INFO Row 4 with Vehicle Purchase Number VSFM-10059
                                             successfully created a record in Receiving Transaction Detail
                                             with Id d20c8cc8-cc71-e711-80bc-00155d069359
2017-07-26 14:36:51.0638 INFO Row 4 with Vehicle Purchase Number VSFM-10057
                                             was successfully created in Receiving Transaction
                                             with record id f10c8cc8-cc71-e711-80bc-00155d069359
2017-07-26 14:36:52.6290 INFO Row 4 with Vehicle Purchase Number VSFM-10057
                                             successfully created a record in Receiving Transaction Detail
                                             with Id f30c8cc8-cc71-e711-80bc-00155d069359
2017-07-26 14:36:54.7215 INFO Row 4 with Vehicle Purchase Number VSFM-10060
                                             was successfully created in Receiving Transaction
                                             with record id 231aa0ce-cc71-e711-80bc-00155d069359
2017-07-26 14:36:56.3178 INFO Row 4 with Vehicle Purchase Number VSFM-10060
                                             successfully created a record in Receiving Transaction Detail
                                             with Id 251aa0ce-cc71-e711-80bc-00155d069359
2017-07-26 14:36:58.9337 INFO Row 4 with Vehicle Purchase Number VSFM-10061
                                             was successfully created in Receiving Transaction
                                             with record id 3a1aa0ce-cc71-e711-80bc-00155d069359
2017-07-26 14:37:00.2703 INFO Row 4 with Vehicle Purchase Number VSFM-10061
                                             successfully created a record in Receiving Transaction Detail
                                             with Id 3c1aa0ce-cc71-e711-80bc-00155d069359
2017-07-26 14:37:02.8501 INFO Row 4 with Vehicle Purchase Number VSFM-10062
                                             was successfully created in Receiving Transaction
                                             with record id 5a1aa0ce-cc71-e711-80bc-00155d069359
2017-07-26 14:37:04.3602 INFO Row 4 with Vehicle Purchase Number VSFM-10062
                                             successfully created a record in Receiving Transaction Detail
                                             with Id 5c1aa0ce-cc71-e711-80bc-00155d069359
2017-07-26 14:37:05.8251 INFO Row 4 with Vehicle Purchase Number VSFM-10085
                                             was successfully created in Receiving Transaction
                                             with record id 023497d4-cc71-e711-80bc-00155d069359
2017-07-26 14:37:07.5857 INFO Row 4 with Vehicle Purchase Number VSFM-10085
                                             successfully created a record in Receiving Transaction Detail
                                             with Id 043497d4-cc71-e711-80bc-00155d069359
2017-07-26 14:37:09.1308 INFO Row 4 with Vehicle Purchase Number VSFM-10086
                                             was successfully created in Receiving Transaction
                                             with record id 133497d4-cc71-e711-80bc-00155d069359
2017-07-26 14:37:10.6561 INFO Row 4 with Vehicle Purchase Number VSFM-10086
                                             successfully created a record in Receiving Transaction Detail
                                             with Id 153497d4-cc71-e711-80bc-00155d069359
2017-07-26 14:37:12.2965 INFO Row 4 with Vehicle Purchase Number VSFM-10067
                                             was successfully created in Receiving Transaction
                                             with record id 233497d4-cc71-e711-80bc-00155d069359
2017-07-26 14:37:13.9900 INFO Row 4 with Vehicle Purchase Number VSFM-10067
                                             successfully created a record in Receiving Transaction Detail
                                             with Id 253497d4-cc71-e711-80bc-00155d069359
2017-07-26 14:37:15.5702 INFO Row 4 with Vehicle Purchase Number VSFM-10066
                                             was successfully created in Receiving Transaction
                                             with record id b149deda-cc71-e711-80bc-00155d069359
2017-07-26 14:37:17.1163 INFO Row 4 with Vehicle Purchase Number VSFM-10066
                                             successfully created a record in Receiving Transaction Detail
                                             with Id b349deda-cc71-e711-80bc-00155d069359
2017-07-26 14:37:20.9224 INFO Row 4 with Vehicle Purchase Number VSFM-10065
                                             was successfully created in Receiving Transaction
                                             with record id c149deda-cc71-e711-80bc-00155d069359
2017-07-26 14:37:22.4164 INFO Row 4 with Vehicle Purchase Number VSFM-10065
                                             successfully created a record in Receiving Transaction Detail
                                             with Id c349deda-cc71-e711-80bc-00155d069359
2017-07-26 14:37:28.5537 INFO Row 4 with Vehicle Purchase Number VSFM-10064
                                             was successfully created in Receiving Transaction
                                             with record id c11947e3-cc71-e711-80bc-00155d069359
2017-07-26 14:37:29.9855 INFO Row 4 with Vehicle Purchase Number VSFM-10064
                                             successfully created a record in Receiving Transaction Detail
                                             with Id c31947e3-cc71-e711-80bc-00155d069359
2017-07-26 14:37:31.6239 INFO Row 4 with Vehicle Purchase Number VSFM-10063
                                             was successfully created in Receiving Transaction
                                             with record id d11947e3-cc71-e711-80bc-00155d069359
2017-07-26 14:37:33.1118 INFO Row 4 with Vehicle Purchase Number VSFM-10063
                                             successfully created a record in Receiving Transaction Detail
                                             with Id d31947e3-cc71-e711-80bc-00155d069359
2017-07-26 14:37:34.8685 INFO Row 4 with Vehicle Purchase Number VSFM-10071
                                             was successfully created in Receiving Transaction
                                             with record id e11947e3-cc71-e711-80bc-00155d069359
2017-07-26 14:37:37.8652 INFO Row 4 with Vehicle Purchase Number VSFM-10071
                                             successfully created a record in Receiving Transaction Detail
                                             with Id e31947e3-cc71-e711-80bc-00155d069359
2017-07-26 14:37:39.4133 INFO Row 4 with Vehicle Purchase Number VSFM-10070
                                             was successfully created in Receiving Transaction
                                             with record id f6025ce9-cc71-e711-80bc-00155d069359
2017-07-26 14:37:41.0447 INFO Row 4 with Vehicle Purchase Number VSFM-10070
                                             successfully created a record in Receiving Transaction Detail
                                             with Id f8025ce9-cc71-e711-80bc-00155d069359
2017-07-26 14:37:43.0470 INFO Row 4 with Vehicle Purchase Number VSFM-10069
                                             was successfully created in Receiving Transaction
                                             with record id 06035ce9-cc71-e711-80bc-00155d069359
2017-07-26 14:37:44.7545 INFO Row 4 with Vehicle Purchase Number VSFM-10069
                                             successfully created a record in Receiving Transaction Detail
                                             with Id 08035ce9-cc71-e711-80bc-00155d069359
2017-07-26 14:37:46.2525 INFO Row 4 with Vehicle Purchase Number VSFM-10068
                                             was successfully created in Receiving Transaction
                                             with record id 16035ce9-cc71-e711-80bc-00155d069359
2017-07-26 14:37:47.8829 INFO Row 4 with Vehicle Purchase Number VSFM-10068
                                             successfully created a record in Receiving Transaction Detail
                                             with Id 18035ce9-cc71-e711-80bc-00155d069359
2017-07-26 14:37:50.5931 INFO Row 4 with Vehicle Purchase Number VSFM-10074
                                             was successfully created in Receiving Transaction
                                             with record id 570e8bef-cc71-e711-80bc-00155d069359
2017-07-26 14:37:52.0269 INFO Row 4 with Vehicle Purchase Number VSFM-10074
                                             successfully created a record in Receiving Transaction Detail
                                             with Id 590e8bef-cc71-e711-80bc-00155d069359
2017-07-26 14:37:57.1458 INFO Row 4 with Vehicle Purchase Number VSFM-10090
                                             was successfully created in Receiving Transaction
                                             with record id 770e8bef-cc71-e711-80bc-00155d069359
2017-07-26 14:37:59.3269 INFO Row 4 with Vehicle Purchase Number VSFM-10090
                                             successfully created a record in Receiving Transaction Detail
                                             with Id 790e8bef-cc71-e711-80bc-00155d069359
2017-07-26 14:38:02.4296 INFO Row 4 with Vehicle Purchase Number VSFM-10080
                                             was successfully created in Receiving Transaction
                                             with record id 9043b3f5-cc71-e711-80bc-00155d069359
2017-07-26 14:38:04.1912 INFO Row 4 with Vehicle Purchase Number VSFM-10080
                                             successfully created a record in Receiving Transaction Detail
                                             with Id 9243b3f5-cc71-e711-80bc-00155d069359
2017-07-26 14:38:07.4125 INFO Row 4 with Vehicle Purchase Number VSFM-10079
                                             was successfully created in Receiving Transaction
                                             with record id b143b3f5-cc71-e711-80bc-00155d069359
2017-07-26 14:38:08.9175 INFO Row 4 with Vehicle Purchase Number VSFM-10079
                                             successfully created a record in Receiving Transaction Detail
                                             with Id b443b3f5-cc71-e711-80bc-00155d069359
2017-07-26 14:38:10.6181 INFO Row 4 with Vehicle Purchase Number VSFM-10084
                                             was successfully created in Receiving Transaction
                                             with record id 396b14fc-cc71-e711-80bc-00155d069359
2017-07-26 14:38:12.2459 INFO Row 4 with Vehicle Purchase Number VSFM-10084
                                             successfully created a record in Receiving Transaction Detail
                                             with Id 3b6b14fc-cc71-e711-80bc-00155d069359
2017-07-26 14:38:13.9712 INFO Row 4 with Vehicle Purchase Number VSFM-10083
                                             was successfully created in Receiving Transaction
                                             with record id 496b14fc-cc71-e711-80bc-00155d069359
2017-07-26 14:38:15.5298 INFO Row 4 with Vehicle Purchase Number VSFM-10083
                                             successfully created a record in Receiving Transaction Detail
                                             with Id 4b6b14fc-cc71-e711-80bc-00155d069359
2017-07-26 14:38:17.3979 INFO Row 4 with Vehicle Purchase Number VSFM-10082
                                             was successfully created in Receiving Transaction
                                             with record id 596b14fc-cc71-e711-80bc-00155d069359
2017-07-26 14:38:18.7846 INFO Row 4 with Vehicle Purchase Number VSFM-10082
                                             successfully created a record in Receiving Transaction Detail
                                             with Id 5b6b14fc-cc71-e711-80bc-00155d069359
2017-07-26 14:38:21.5249 INFO Row 4 with Vehicle Purchase Number VSFM-10087
                                             was successfully created in Receiving Transaction
                                             with record id 0a363502-cd71-e711-80bc-00155d069359
2017-07-26 14:38:23.1661 INFO Row 4 with Vehicle Purchase Number VSFM-10087
                                             successfully created a record in Receiving Transaction Detail
                                             with Id 0c363502-cd71-e711-80bc-00155d069359
2017-07-26 14:38:25.7119 INFO Row 4 with Vehicle Purchase Number VSFM-10081
                                             was successfully created in Receiving Transaction
                                             with record id 2b363502-cd71-e711-80bc-00155d069359
2017-07-26 14:38:27.4481 INFO Row 4 with Vehicle Purchase Number VSFM-10081
                                             successfully created a record in Receiving Transaction Detail
                                             with Id 2d363502-cd71-e711-80bc-00155d069359
2017-07-26 14:38:30.6148 INFO Row 4 with Vehicle Purchase Number VSFM-10100
                                             was successfully created in Receiving Transaction
                                             with record id 4c363502-cd71-e711-80bc-00155d069359
2017-07-26 14:38:32.2611 INFO Row 4 with Vehicle Purchase Number VSFM-10100
                                             successfully created a record in Receiving Transaction Detail
                                             with Id 4e363502-cd71-e711-80bc-00155d069359
2017-07-26 14:38:35.4913 INFO Row 4 with Vehicle Purchase Number VSFM-10101
                                             was successfully created in Receiving Transaction
                                             with record id a7b83208-cd71-e711-80bc-00155d069359
2017-07-26 14:38:37.1637 INFO Row 4 with Vehicle Purchase Number VSFM-10101
                                             successfully created a record in Receiving Transaction Detail
                                             with Id a9b83208-cd71-e711-80bc-00155d069359
2017-07-26 14:38:39.7326 INFO Row 4 with Vehicle Purchase Number VSFM-10102
                                             was successfully created in Receiving Transaction
                                             with record id c8b83208-cd71-e711-80bc-00155d069359
2017-07-26 14:38:41.1122 INFO Row 4 with Vehicle Purchase Number VSFM-10102
                                             successfully created a record in Receiving Transaction Detail
                                             with Id cab83208-cd71-e711-80bc-00155d069359
2017-07-26 14:38:43.7212 INFO Row 4 with Vehicle Purchase Number VSFM-10104
                                             was successfully created in Receiving Transaction
                                             with record id 559d320e-cd71-e711-80bc-00155d069359
2017-07-26 14:38:45.3354 INFO Row 4 with Vehicle Purchase Number VSFM-10104
                                             successfully created a record in Receiving Transaction Detail
                                             with Id 579d320e-cd71-e711-80bc-00155d069359
2017-07-26 14:38:47.8571 INFO Row 4 with Vehicle Purchase Number VSFM-10103
                                             was successfully created in Receiving Transaction
                                             with record id 769d320e-cd71-e711-80bc-00155d069359
2017-07-26 14:38:49.5938 INFO Row 4 with Vehicle Purchase Number VSFM-10103
                                             successfully created a record in Receiving Transaction Detail
                                             with Id 789d320e-cd71-e711-80bc-00155d069359
2017-07-26 14:38:52.0102 INFO Row 4 with Vehicle Purchase Number VSFM-10072
                                             was successfully created in Receiving Transaction
                                             with record id 935a5114-cd71-e711-80bc-00155d069359
2017-07-26 14:38:53.6014 INFO Row 4 with Vehicle Purchase Number VSFM-10072
                                             successfully created a record in Receiving Transaction Detail
                                             with Id 955a5114-cd71-e711-80bc-00155d069359
2017-07-26 14:38:56.4761 INFO Row 4 with Vehicle Purchase Number VSFM-10075
                                             was successfully created in Receiving Transaction
                                             with record id ab5a5114-cd71-e711-80bc-00155d069359
2017-07-26 14:38:58.1415 INFO Row 4 with Vehicle Purchase Number VSFM-10075
                                             successfully created a record in Receiving Transaction Detail
                                             with Id ad5a5114-cd71-e711-80bc-00155d069359
2017-07-26 14:39:00.7027 INFO Row 4 with Vehicle Purchase Number VSFM-10089
                                             was successfully created in Receiving Transaction
                                             with record id cc5a5114-cd71-e711-80bc-00155d069359
2017-07-26 14:39:16.6495 INFO Row 4 with Vehicle Purchase Number VSFM-10089
                                             successfully created a record in Receiving Transaction Detail
                                             with Id ce5a5114-cd71-e711-80bc-00155d069359
2017-07-26 14:39:19.8801 INFO Row 4 with Vehicle Purchase Number VSFM-10093
                                             was successfully created in Receiving Transaction
                                             with record id d0650724-cd71-e711-80bc-00155d069359
2017-07-26 14:39:21.8273 INFO Row 4 with Vehicle Purchase Number VSFM-10093
                                             successfully created a record in Receiving Transaction Detail
                                             with Id d2650724-cd71-e711-80bc-00155d069359
2017-07-26 14:39:25.5963 INFO Row 4 with Vehicle Purchase Number VSFM-10094
                                             was successfully created in Receiving Transaction
                                             with record id f1650724-cd71-e711-80bc-00155d069359
2017-07-26 14:39:27.3179 INFO Row 4 with Vehicle Purchase Number VSFM-10094
                                             successfully created a record in Receiving Transaction Detail
                                             with Id f3650724-cd71-e711-80bc-00155d069359
2017-07-26 14:39:29.9900 INFO Row 4 with Vehicle Purchase Number VSFM-10092
                                             was successfully created in Receiving Transaction
                                             with record id efd5572a-cd71-e711-80bc-00155d069359
2017-07-26 14:39:31.8028 INFO Row 4 with Vehicle Purchase Number VSFM-10092
                                             successfully created a record in Receiving Transaction Detail
                                             with Id f1d5572a-cd71-e711-80bc-00155d069359
2017-07-26 14:39:33.7700 INFO Row 4 with Vehicle Purchase Number VSFM-10091
                                             was successfully created in Receiving Transaction
                                             with record id 10d6572a-cd71-e711-80bc-00155d069359
2017-07-26 14:39:35.1918 INFO Row 4 with Vehicle Purchase Number VSFM-10091
                                             successfully created a record in Receiving Transaction Detail
                                             with Id 12d6572a-cd71-e711-80bc-00155d069359
2017-07-26 14:39:37.8736 INFO Row 4 with Vehicle Purchase Number VSFM-10114
                                             was successfully created in Receiving Transaction
                                             with record id 25d6572a-cd71-e711-80bc-00155d069359
2017-07-26 14:39:39.4193 INFO Row 4 with Vehicle Purchase Number VSFM-10114
                                             successfully created a record in Receiving Transaction Detail
                                             with Id 27d6572a-cd71-e711-80bc-00155d069359
2017-07-26 14:39:42.2327 INFO Row 4 with Vehicle Purchase Number VSFM-10115
                                             was successfully created in Receiving Transaction
                                             with record id 8c735230-cd71-e711-80bc-00155d069359
2017-07-26 14:39:43.7217 INFO Row 4 with Vehicle Purchase Number VSFM-10115
                                             successfully created a record in Receiving Transaction Detail
                                             with Id 8e735230-cd71-e711-80bc-00155d069359
2017-07-26 14:39:46.1180 INFO Row 4 with Vehicle Purchase Number VSFM-10116
                                             was successfully created in Receiving Transaction
                                             with record id ad735230-cd71-e711-80bc-00155d069359
2017-07-26 14:39:47.6260 INFO Row 4 with Vehicle Purchase Number VSFM-10116
                                             successfully created a record in Receiving Transaction Detail
                                             with Id af735230-cd71-e711-80bc-00155d069359
2017-07-26 14:39:50.1527 INFO Row 4 with Vehicle Purchase Number VSFM-10117
                                             was successfully created in Receiving Transaction
                                             with record id e4f67c36-cd71-e711-80bc-00155d069359
2017-07-26 14:39:51.6087 INFO Row 4 with Vehicle Purchase Number VSFM-10117
                                             successfully created a record in Receiving Transaction Detail
                                             with Id e6f67c36-cd71-e711-80bc-00155d069359
2017-07-26 14:39:54.2256 INFO Row 4 with Vehicle Purchase Number VSFM-10113
                                             was successfully created in Receiving Transaction
                                             with record id 05f77c36-cd71-e711-80bc-00155d069359
2017-07-26 14:39:55.8821 INFO Row 4 with Vehicle Purchase Number VSFM-10113
                                             successfully created a record in Receiving Transaction Detail
                                             with Id 07f77c36-cd71-e711-80bc-00155d069359
2017-07-26 14:39:58.9692 INFO Row 4 with Vehicle Purchase Number VSFM-10112
                                             was successfully created in Receiving Transaction
                                             with record id 26f77c36-cd71-e711-80bc-00155d069359
2017-07-26 14:40:00.6134 INFO Row 4 with Vehicle Purchase Number VSFM-10112
                                             successfully created a record in Receiving Transaction Detail
                                             with Id 5f738f3c-cd71-e711-80bc-00155d069359
2017-07-26 14:40:03.5688 INFO Row 4 with Vehicle Purchase Number VSFM-10111
                                             was successfully created in Receiving Transaction
                                             with record id 7d738f3c-cd71-e711-80bc-00155d069359
2017-07-26 14:40:05.0614 INFO Row 4 with Vehicle Purchase Number VSFM-10111
                                             successfully created a record in Receiving Transaction Detail
                                             with Id 7f738f3c-cd71-e711-80bc-00155d069359
2017-07-26 14:40:08.2088 INFO Row 4 with Vehicle Purchase Number VSFM-10120
                                             was successfully created in Receiving Transaction
                                             with record id 9c738f3c-cd71-e711-80bc-00155d069359
2017-07-26 14:40:09.8052 INFO Row 4 with Vehicle Purchase Number VSFM-10120
                                             successfully created a record in Receiving Transaction Detail
                                             with Id 9e738f3c-cd71-e711-80bc-00155d069359
2017-07-26 14:40:12.2832 INFO Row 4 with Vehicle Purchase Number VSFM-10128
                                             was successfully created in Receiving Transaction
                                             with record id 837b8c42-cd71-e711-80bc-00155d069359
2017-07-26 14:40:13.7591 INFO Row 4 with Vehicle Purchase Number VSFM-10128
                                             successfully created a record in Receiving Transaction Detail
                                             with Id 857b8c42-cd71-e711-80bc-00155d069359
2017-07-26 14:40:16.4429 INFO Row 4 with Vehicle Purchase Number VSFM-10127
                                             was successfully created in Receiving Transaction
                                             with record id a37b8c42-cd71-e711-80bc-00155d069359
2017-07-26 14:40:18.1359 INFO Row 4 with Vehicle Purchase Number VSFM-10127
                                             successfully created a record in Receiving Transaction Detail
                                             with Id a57b8c42-cd71-e711-80bc-00155d069359
2017-07-26 14:40:20.5661 INFO Row 4 with Vehicle Purchase Number VSFM-10124
                                             was successfully created in Receiving Transaction
                                             with record id abcbb648-cd71-e711-80bc-00155d069359
2017-07-26 14:40:22.1714 INFO Row 4 with Vehicle Purchase Number VSFM-10124
                                             successfully created a record in Receiving Transaction Detail
                                             with Id adcbb648-cd71-e711-80bc-00155d069359
2017-07-26 14:40:24.8479 INFO Row 4 with Vehicle Purchase Number VSFM-10125
                                             was successfully created in Receiving Transaction
                                             with record id cccbb648-cd71-e711-80bc-00155d069359
2017-07-26 14:40:26.3720 INFO Row 4 with Vehicle Purchase Number VSFM-10125
                                             successfully created a record in Receiving Transaction Detail
                                             with Id cecbb648-cd71-e711-80bc-00155d069359
2017-07-26 14:40:29.0140 INFO Row 4 with Vehicle Purchase Number VSFM-10123
                                             was successfully created in Receiving Transaction
                                             with record id eccbb648-cd71-e711-80bc-00155d069359
2017-07-26 14:40:30.4789 INFO Row 4 with Vehicle Purchase Number VSFM-10123
                                             successfully created a record in Receiving Transaction Detail
                                             with Id eecbb648-cd71-e711-80bc-00155d069359
2017-07-26 14:40:33.0327 INFO Row 4 with Vehicle Purchase Number VSFM-10122
                                             was successfully created in Receiving Transaction
                                             with record id 83d6b84e-cd71-e711-80bc-00155d069359
2017-07-26 14:40:34.9949 INFO Row 4 with Vehicle Purchase Number VSFM-10122
                                             successfully created a record in Receiving Transaction Detail
                                             with Id 85d6b84e-cd71-e711-80bc-00155d069359
2017-07-26 14:40:38.0701 INFO Row 4 with Vehicle Purchase Number VSFM-10121
                                             was successfully created in Receiving Transaction
                                             with record id a4d6b84e-cd71-e711-80bc-00155d069359
2017-07-26 14:40:39.5280 INFO Row 4 with Vehicle Purchase Number VSFM-10121
                                             successfully created a record in Receiving Transaction Detail
                                             with Id a6d6b84e-cd71-e711-80bc-00155d069359
2017-07-26 14:40:42.5941 INFO Row 4 with Vehicle Purchase Number VSFM-10119
                                             was successfully created in Receiving Transaction
                                             with record id b36abf54-cd71-e711-80bc-00155d069359
2017-07-26 14:40:44.9020 INFO Row 4 with Vehicle Purchase Number VSFM-10119
                                             successfully created a record in Receiving Transaction Detail
                                             with Id b56abf54-cd71-e711-80bc-00155d069359
2017-07-26 14:40:47.6483 INFO Row 4 with Vehicle Purchase Number VSFM-10118
                                             was successfully created in Receiving Transaction
                                             with record id d36abf54-cd71-e711-80bc-00155d069359
2017-07-26 14:40:49.3910 INFO Row 4 with Vehicle Purchase Number VSFM-10118
                                             successfully created a record in Receiving Transaction Detail
                                             with Id d56abf54-cd71-e711-80bc-00155d069359
2017-07-26 14:40:52.2947 INFO Row 4 with Vehicle Purchase Number VSFM-10126
                                             was successfully created in Receiving Transaction
                                             with record id c8e9e05a-cd71-e711-80bc-00155d069359
2017-07-26 14:40:53.8097 INFO Row 4 with Vehicle Purchase Number VSFM-10126
                                             successfully created a record in Receiving Transaction Detail
                                             with Id cae9e05a-cd71-e711-80bc-00155d069359
2017-07-26 14:40:56.8518 INFO Row 4 with Vehicle Purchase Number VSFM-10098
                                             was successfully created in Receiving Transaction
                                             with record id e7e9e05a-cd71-e711-80bc-00155d069359
2017-07-26 14:40:58.7278 INFO Row 4 with Vehicle Purchase Number VSFM-10098
                                             successfully created a record in Receiving Transaction Detail
                                             with Id e9e9e05a-cd71-e711-80bc-00155d069359
2017-07-26 14:41:01.2366 INFO Row 4 with Vehicle Purchase Number VSFM-10099
                                             was successfully created in Receiving Transaction
                                             with record id 7a98ee60-cd71-e711-80bc-00155d069359
2017-07-26 14:41:02.8138 INFO Row 4 with Vehicle Purchase Number VSFM-10099
                                             successfully created a record in Receiving Transaction Detail
                                             with Id 7c98ee60-cd71-e711-80bc-00155d069359
2017-07-26 14:41:05.6544 INFO Row 4 with Vehicle Purchase Number VSFM-10097
                                             was successfully created in Receiving Transaction
                                             with record id 9b98ee60-cd71-e711-80bc-00155d069359
2017-07-26 14:41:07.2135 INFO Row 4 with Vehicle Purchase Number VSFM-10097
                                             successfully created a record in Receiving Transaction Detail
                                             with Id 9d98ee60-cd71-e711-80bc-00155d069359
2017-07-26 14:41:09.1978 INFO Row 4 with Vehicle Purchase Number VSFM-10095
                                             was successfully created in Receiving Transaction
                                             with record id bb98ee60-cd71-e711-80bc-00155d069359
2017-07-26 14:41:10.7359 INFO Row 4 with Vehicle Purchase Number VSFM-10095
                                             successfully created a record in Receiving Transaction Detail
                                             with Id bd98ee60-cd71-e711-80bc-00155d069359
2017-07-26 14:41:12.6757 INFO Row 4 with Vehicle Purchase Number VSFM-10096
                                             was successfully created in Receiving Transaction
                                             with record id cefaed66-cd71-e711-80bc-00155d069359
2017-07-26 14:41:14.1747 INFO Row 4 with Vehicle Purchase Number VSFM-10096
                                             successfully created a record in Receiving Transaction Detail
                                             with Id d0faed66-cd71-e711-80bc-00155d069359
