2017-07-31 10:56:30.5760 INFO ******** Import Integration Tool ********
2017-07-31 10:56:30.6010 INFO ******** Started : 20170731 10:56 AM ********
2017-07-31 10:56:30.6010 INFO Trying to connect to DMS Dynamics CRM.
2017-07-31 10:56:30.6352 INFO Successfully connected to DMS Dynamics CRM!
2017-07-31 10:56:30.6352 INFO Checking configuration for file name..
2017-07-31 10:56:30.6352 INFO Trying to open Vehicle Receiving.xlsx..
2017-07-31 10:57:58.1903 INFO ******** Import Integration Tool ********
2017-07-31 10:57:58.2108 INFO ******** Started : 20170731 10:57 AM ********
2017-07-31 10:57:58.2108 INFO Trying to connect to DMS Dynamics CRM.
2017-07-31 10:57:58.2429 INFO Successfully connected to DMS Dynamics CRM!
2017-07-31 10:57:58.2429 INFO Checking configuration for file name..
2017-07-31 10:57:58.2429 INFO Trying to open Vehicle Receiving.xlsx..
2017-07-31 10:59:13.0930 INFO ******** Import Integration Tool ********
2017-07-31 10:59:13.1135 INFO ******** Started : 20170731 10:59 AM ********
2017-07-31 10:59:13.1186 INFO Trying to connect to DMS Dynamics CRM.
2017-07-31 10:59:13.1451 INFO Successfully connected to DMS Dynamics CRM!
2017-07-31 10:59:13.1491 INFO Checking configuration for file name..
2017-07-31 10:59:13.1491 INFO Trying to open Vehicle Receiving.xlsx..
2017-07-31 10:59:58.7080 INFO ******** Import Integration Tool ********
2017-07-31 10:59:58.7275 INFO ******** Started : 20170731 10:59 AM ********
2017-07-31 10:59:58.7275 INFO Trying to connect to DMS Dynamics CRM.
2017-07-31 10:59:58.7603 INFO Successfully connected to DMS Dynamics CRM!
2017-07-31 10:59:58.7603 INFO Checking configuration for file name..
2017-07-31 10:59:58.7603 INFO Trying to open Vehicle Receiving.xlsx..
2017-07-31 11:01:15.2679 INFO ******** Import Integration Tool ********
2017-07-31 11:01:15.2879 INFO ******** Started : 20170731 11:01 AM ********
2017-07-31 11:01:15.2930 INFO Trying to connect to DMS Dynamics CRM.
2017-07-31 11:01:15.3204 INFO Successfully connected to DMS Dynamics CRM!
2017-07-31 11:01:15.3204 INFO Checking configuration for file name..
2017-07-31 11:01:15.3204 INFO Trying to open Vehicle Receiving.xlsx..
2017-07-31 11:01:44.4108 INFO ******** Import Integration Tool ********
2017-07-31 11:01:44.4294 INFO ******** Started : 20170731 11:01 AM ********
2017-07-31 11:01:44.4294 INFO Trying to connect to DMS Dynamics CRM.
2017-07-31 11:01:44.4601 INFO Successfully connected to DMS Dynamics CRM!
2017-07-31 11:01:44.4601 INFO Checking configuration for file name..
2017-07-31 11:01:44.4601 INFO Trying to open Vehicle Receiving.xlsx..
2017-07-31 11:01:48.5919 INFO Import file C:\Users\i-jcadiao\Documents\Visual Studio 2013\Projects\ImportIntegration\ImportIntegration\bin\Debug\Vehicle Receiving.xlsx has been deleted in the directory
2017-07-31 16:51:01.8360 INFO ******** Import Integration Tool ********
2017-07-31 16:51:01.8595 INFO ******** Started : 20170731 04:51 PM ********
2017-07-31 16:51:01.8655 INFO Trying to connect to DMS Dynamics CRM.
2017-07-31 16:51:01.9460 INFO Successfully connected to DMS Dynamics CRM!
2017-07-31 16:51:01.9460 INFO Checking configuration for file name..
2017-07-31 16:51:01.9460 INFO Trying to open Vehicle Receiving.xlsx..
2017-07-31 16:51:01.9605 INFO Import file C:\Users\jgerero\Documents\GitHub\dms\Import Integration\ImportIntegration\bin\Debug\Vehicle Receiving.xlsx does not exist in the directory.. Exiting Application
2017-07-31 16:53:18.1964 INFO ******** Import Integration Tool ********
2017-07-31 16:53:18.2189 INFO ******** Started : 20170731 04:53 PM ********
2017-07-31 16:53:18.2259 INFO Trying to connect to DMS Dynamics CRM.
2017-07-31 16:53:18.2594 INFO Successfully connected to DMS Dynamics CRM!
2017-07-31 16:53:18.2594 INFO Checking configuration for file name..
2017-07-31 16:53:18.2594 INFO Trying to open Vehicle Receiving.xlsx..
2017-07-31 16:53:18.2759 INFO Import file C:\Users\jgerero\Documents\GitHub\dms\Import Integration\ImportIntegration\bin\Debug\Vehicle Receiving.xlsx does not exist in the directory.. Exiting Application
2017-07-31 16:53:39.7931 INFO ******** Import Integration Tool ********
2017-07-31 16:53:40.6292 INFO ******** Started : 20170731 04:53 PM ********
2017-07-31 16:53:41.0880 INFO Trying to connect to DMS Dynamics CRM.
2017-07-31 16:53:41.8848 INFO Successfully connected to DMS Dynamics CRM!
2017-07-31 16:53:42.2747 INFO Checking configuration for file name..
2017-07-31 16:53:52.4115 INFO Trying to open Vehicle Receiving.xlsx..
2017-07-31 16:54:51.9383 INFO ******** Import Integration Tool ********
2017-07-31 16:54:52.4578 INFO ******** Started : 20170731 04:54 PM ********
2017-07-31 16:54:52.8803 INFO Trying to connect to DMS Dynamics CRM.
2017-07-31 16:54:53.6491 INFO Successfully connected to DMS Dynamics CRM!
2017-07-31 16:54:54.0452 INFO Checking configuration for file name..
2017-07-31 16:54:55.7530 INFO Trying to open Vehicle Receiving.xlsx..
2017-07-31 16:54:58.7156 INFO Starting to read the data..
2017-07-31 16:54:59.3502 INFO 1 records found..
2017-07-31 16:54:59.7162 INFO Starting to read the data..
2017-07-31 16:55:02.4495 ERROR Unable to save row 1 Vehicle Purchase Order Number:[VSFM-10088] does not exist in the DMS.
2017-07-31 16:55:28.6074 INFO Trying to send email..
2017-07-31 16:56:28.7304 ERROR An unexpected error occured during the execution of import: Message : "The parameter 'addresses' cannot be an empty string.
Parameter name: addresses" 
2017-07-31 16:56:28.8700 INFO Import file C:\Users\jgerero\Documents\GitHub\dms\Import Integration\ImportIntegration\bin\Debug\Vehicle Receiving.xlsx has been deleted in the directory
2017-07-31 16:56:47.6277 INFO ******** Import Integration Tool ********
2017-07-31 16:56:47.6732 INFO ******** Started : 20170731 04:56 PM ********
2017-07-31 16:56:47.6802 INFO Trying to connect to DMS Dynamics CRM.
2017-07-31 16:56:47.7052 INFO Successfully connected to DMS Dynamics CRM!
2017-07-31 16:56:47.7052 INFO Checking configuration for file name..
2017-07-31 16:56:47.7052 INFO Trying to open Vehicle Receiving.xlsx..
2017-07-31 16:56:47.7257 INFO Import file C:\Users\jgerero\Documents\GitHub\dms\Import Integration\ImportIntegration\bin\Debug\Vehicle Receiving.xlsx does not exist in the directory.. Exiting Application
2017-07-31 17:01:16.1454 INFO ******** Import Integration Tool ********
2017-07-31 17:01:16.1809 INFO ******** Started : 20170731 05:01 PM ********
2017-07-31 17:01:16.1894 INFO Trying to connect to DMS Dynamics CRM.
2017-07-31 17:01:16.2139 INFO Successfully connected to DMS Dynamics CRM!
2017-07-31 17:01:16.2214 INFO Checking configuration for file name..
2017-07-31 17:01:16.2214 INFO Trying to open Vehicle Receiving.xlsx..
2017-07-31 17:01:16.2429 INFO Starting to read the data..
2017-07-31 17:01:16.4174 INFO 1 records found..
2017-07-31 17:01:16.4234 INFO Starting to read the data..
2017-07-31 17:01:16.9734 ERROR Unable to save row 1 In-Transit Site:[VDC-TAN] does not exist in the DMS.
2017-07-31 17:01:16.9734 INFO Trying to send email..
2017-07-31 17:01:16.9864 ERROR An unexpected error occured during the execution of import: Message : "The parameter 'addresses' cannot be an empty string.
Parameter name: addresses" 
2017-07-31 17:01:16.9983 INFO Import file C:\Users\jgerero\Documents\GitHub\dms\Import Integration\ImportIntegration\bin\Debug\Vehicle Receiving.xlsx has been deleted in the directory
2017-07-31 17:05:05.1337 INFO ******** Import Integration Tool ********
2017-07-31 17:05:05.1782 INFO ******** Started : 20170731 05:05 PM ********
2017-07-31 17:05:05.1862 INFO Trying to connect to DMS Dynamics CRM.
2017-07-31 17:05:05.2107 INFO Successfully connected to DMS Dynamics CRM!
2017-07-31 17:05:05.2177 INFO Checking configuration for file name..
2017-07-31 17:05:05.2177 INFO Trying to open Vehicle Receiving.xlsx..
2017-07-31 17:05:05.2317 INFO Starting to read the data..
2017-07-31 17:05:05.3862 INFO 1 records found..
2017-07-31 17:05:05.3862 INFO Starting to read the data..
2017-07-31 17:05:05.8496 ERROR Unable to save row:[1], vpo:[DMS000000007]. Product Item with Model Code : A03MMH, Option Code : 000, Model Year 2017 does not exist in DMS.
2017-07-31 17:05:05.8561 INFO Trying to send email..
2017-07-31 17:05:05.8561 ERROR An unexpected error occured during the execution of import: Message : "The parameter 'addresses' cannot be an empty string.
Parameter name: addresses" 
2017-07-31 17:05:05.8731 INFO Import file C:\Users\jgerero\Documents\GitHub\dms\Import Integration\ImportIntegration\bin\Debug\Vehicle Receiving.xlsx has been deleted in the directory
2017-07-31 17:07:53.6240 INFO ******** Import Integration Tool ********
2017-07-31 17:07:53.6600 INFO ******** Started : 20170731 05:07 PM ********
2017-07-31 17:07:53.6700 INFO Trying to connect to DMS Dynamics CRM.
2017-07-31 17:07:53.6925 INFO Successfully connected to DMS Dynamics CRM!
2017-07-31 17:07:53.7025 INFO Checking configuration for file name..
2017-07-31 17:07:53.7085 INFO Trying to open Vehicle Receiving.xlsx..
2017-07-31 17:07:53.7085 INFO Starting to read the data..
2017-07-31 17:07:53.8856 INFO 1 records found..
2017-07-31 17:07:53.8856 INFO Starting to read the data..
2017-07-31 17:07:54.3691 ERROR Unable to save row:[1], vpo:[DMS000000007]. Color Code:[]  does not exist in the DMS..
2017-07-31 17:07:54.3691 INFO Trying to send email..
2017-07-31 17:07:54.3846 ERROR An unexpected error occured during the execution of import: Message : "The parameter 'addresses' cannot be an empty string.
Parameter name: addresses" 
2017-07-31 17:07:54.4036 INFO Import file C:\Users\jgerero\Documents\GitHub\dms\Import Integration\ImportIntegration\bin\Debug\Vehicle Receiving.xlsx has been deleted in the directory
2017-07-31 17:10:51.1761 INFO ******** Import Integration Tool ********
2017-07-31 17:10:51.2086 INFO ******** Started : 20170731 05:10 PM ********
2017-07-31 17:10:51.2086 INFO Trying to connect to DMS Dynamics CRM.
2017-07-31 17:10:51.2411 INFO Successfully connected to DMS Dynamics CRM!
2017-07-31 17:10:51.2411 INFO Checking configuration for file name..
2017-07-31 17:10:51.2561 INFO Trying to open Vehicle Receiving.xlsx..
2017-07-31 17:10:51.2561 INFO Starting to read the data..
2017-07-31 17:10:51.4331 INFO 1 records found..
2017-07-31 17:10:51.4426 INFO Starting to read the data..
2017-07-31 17:10:52.3630 ERROR Unable to save row:[1], vpo:[DMS000000007]. Dealer Code:[]  does not exist in the DMS..
2017-07-31 17:10:52.3630 INFO Trying to send email..
2017-07-31 17:10:52.3780 ERROR An unexpected error occured during the execution of import: Message : "The parameter 'addresses' cannot be an empty string.
Parameter name: addresses" 
2017-07-31 17:10:52.3980 INFO Import file C:\Users\jgerero\Documents\GitHub\dms\Import Integration\ImportIntegration\bin\Debug\Vehicle Receiving.xlsx has been deleted in the directory
2017-07-31 17:13:23.2527 INFO ******** Import Integration Tool ********
2017-07-31 17:13:23.2877 INFO ******** Started : 20170731 05:13 PM ********
2017-07-31 17:13:23.2877 INFO Trying to connect to DMS Dynamics CRM.
2017-07-31 17:13:23.3232 INFO Successfully connected to DMS Dynamics CRM!
2017-07-31 17:13:23.3312 INFO Checking configuration for file name..
2017-07-31 17:13:23.3312 INFO Trying to open Vehicle Receiving.xlsx..
2017-07-31 17:13:23.3487 INFO Starting to read the data..
2017-07-31 17:13:23.5217 INFO 1 records found..
2017-07-31 17:13:23.5312 INFO Starting to read the data..
2017-07-31 17:13:25.5124 INFO Row 1 with Vehicle Purchase Number DMS000000007 was successfully created in Receiving Transaction with record id 95eca780-d075-e711-80f6-00155d010e2c
2017-07-31 17:13:25.9769 ERROR An unexpected error occured during the execution of import: Message : "Entity Id must be specified for Update" 
2017-07-31 17:13:26.0004 INFO Import file C:\Users\jgerero\Documents\GitHub\dms\Import Integration\ImportIntegration\bin\Debug\Vehicle Receiving.xlsx has been deleted in the directory
