2017/08/02 10-31-AM INFO ******** Import Integration Tool ********
2017/08/02 10-31-AM INFO ******** Started : 20170802 10:31 AM ********
2017/08/02 10-31-AM INFO Trying to connect to DMS Dynamics CRM.
2017/08/02 10-31-AM INFO Successfully connected to DMS Dynamics CRM!
2017/08/02 10-31-AM INFO Checking configuration for file name..
2017/08/02 10-31-AM INFO Trying to open Vehicle Receiving.xlsx..
2017/08/02 10-31-AM INFO Starting to read the data..
2017/08/02 10-42-AM INFO ******** Import Integration Tool ********
2017/08/02 10-42-AM INFO ******** Started : 20170802 10:42 AM ********
2017/08/02 10-42-AM INFO Trying to connect to DMS Dynamics CRM.
2017/08/02 10-42-AM INFO Successfully connected to DMS Dynamics CRM!
2017/08/02 10-42-AM INFO Checking configuration for file name..
2017/08/02 10-42-AM INFO Trying to open Vehicle Receiving.xlsx..
2017/08/02 10-42-AM INFO Starting to read the data..
2017/08/02 10-46-AM INFO ******** Import Integration Tool ********
2017/08/02 10-46-AM INFO ******** Started : 20170802 10:46 AM ********
2017/08/02 10-46-AM INFO Trying to connect to DMS Dynamics CRM.
2017/08/02 10-46-AM INFO Successfully connected to DMS Dynamics CRM!
2017/08/02 10-46-AM INFO Checking configuration for file name..
2017/08/02 10-46-AM INFO Trying to open Vehicle Receiving.xlsx..
2017/08/02 10-46-AM INFO Starting to read the data..
2017/08/02 10-57-AM INFO ******** Import Integration Tool ********
2017/08/02 10-57-AM INFO ******** Started : 20170802 10:57 AM ********
2017/08/02 10-57-AM INFO Trying to connect to DMS Dynamics CRM.
2017/08/02 10-57-AM INFO Successfully connected to DMS Dynamics CRM!
2017/08/02 10-57-AM INFO Checking configuration for file name..
2017/08/02 10-57-AM INFO Trying to open Vehicle Receiving.xlsx..
2017/08/02 10-57-AM INFO Starting to read the data..
2017/08/02 10-58-AM INFO ******** Import Integration Tool ********
2017/08/02 10-58-AM INFO ******** Started : 20170802 10:58 AM ********
2017/08/02 10-58-AM INFO Trying to connect to DMS Dynamics CRM.
2017/08/02 10-58-AM INFO Successfully connected to DMS Dynamics CRM!
2017/08/02 10-58-AM INFO Checking configuration for file name..
2017/08/02 10-58-AM INFO Trying to open Vehicle Receiving.xlsx..
2017/08/02 10-58-AM INFO Starting to read the data..
2017/08/02 11-03-AM INFO ******** Import Integration Tool ********
2017/08/02 11-03-AM INFO ******** Started : 20170802 11:03 AM ********
2017/08/02 11-03-AM INFO Trying to connect to DMS Dynamics CRM.
2017/08/02 11-03-AM INFO Successfully connected to DMS Dynamics CRM!
2017/08/02 11-03-AM INFO Checking configuration for file name..
2017/08/02 11-03-AM INFO Trying to open Vehicle Receiving.xlsx..
2017/08/02 11-03-AM INFO Starting to read the data..
2017/08/02 11-03-AM INFO 46 records found..
2017/08/02 11-03-AM INFO Starting to read the data..
