2017/08/04 03-31-PM INFO ******** Import Integration Tool ********
2017/08/04 03-31-PM INFO ******** Started : 20170804 03:31 PM ********
2017/08/04 03-31-PM INFO Trying to connect to DMS Dynamics CRM.
2017/08/04 03-31-PM INFO Successfully connected to DMS Dynamics CRM!
2017/08/04 03-31-PM INFO Checking configuration for file name..
2017/08/04 03-31-PM INFO Trying to open Vehicle Receiving.xlsx..
2017/08/04 03-31-PM INFO Starting to read the data..
2017/08/04 03-32-PM INFO ******** Import Integration Tool ********
2017/08/04 03-32-PM INFO ******** Started : 20170804 03:32 PM ********
2017/08/04 03-32-PM INFO Trying to connect to DMS Dynamics CRM.
2017/08/04 03-32-PM INFO Successfully connected to DMS Dynamics CRM!
2017/08/04 03-32-PM INFO Checking configuration for file name..
2017/08/04 03-32-PM INFO Trying to open Vehicle Receiving.xlsx..
2017/08/04 03-32-PM INFO Starting to read the data..
2017/08/04 03-33-PM INFO ******** Import Integration Tool ********
2017/08/04 03-33-PM INFO ******** Started : 20170804 03:33 PM ********
2017/08/04 03-33-PM INFO Trying to connect to DMS Dynamics CRM.
2017/08/04 03-33-PM INFO Successfully connected to DMS Dynamics CRM!
2017/08/04 03-33-PM INFO Checking configuration for file name..
2017/08/04 03-33-PM INFO Trying to open Vehicle Receiving.xlsx..
2017/08/04 03-33-PM INFO Starting to read the data..
2017/08/04 03-38-PM INFO ******** Import Integration Tool ********
2017/08/04 03-38-PM INFO ******** Started : 20170804 03:38 PM ********
2017/08/04 03-38-PM INFO Trying to connect to DMS Dynamics CRM.
2017/08/04 03-38-PM INFO Successfully connected to DMS Dynamics CRM!
2017/08/04 03-38-PM INFO Checking configuration for file name..
2017/08/04 03-38-PM INFO Trying to open Vehicle Receiving.xlsx..
2017/08/04 03-38-PM INFO Starting to read the data..
2017/08/04 03-39-PM INFO ******** Import Integration Tool ********
2017/08/04 03-39-PM INFO ******** Started : 20170804 03:39 PM ********
2017/08/04 03-39-PM INFO Trying to connect to DMS Dynamics CRM.
2017/08/04 03-39-PM INFO Successfully connected to DMS Dynamics CRM!
2017/08/04 03-39-PM INFO Checking configuration for file name..
2017/08/04 03-39-PM INFO Trying to open Vehicle Receiving.xlsx..
2017/08/04 03-39-PM INFO Starting to read the data..
