2017-08-01 09:19:13.5026 INFO ******** Import Integration Tool ********
2017-08-01 09:19:13.5227 INFO ******** Started : 20170801 09:19 AM ********
2017-08-01 09:19:13.5227 INFO Trying to connect to DMS Dynamics CRM.
2017-08-01 09:19:13.6009 INFO Successfully connected to DMS Dynamics CRM!
2017-08-01 09:19:13.6009 INFO Checking configuration for file name..
2017-08-01 09:19:13.6009 INFO Trying to open Vehicle Receiving.xlsx..
2017-08-01 09:19:13.6009 INFO Import file C:\Users\i-jcadiao\Documents\Visual Studio 2013\Projects\ImportIntegration\ImportIntegration\bin\Debug\Vehicle Receiving.xlsx does not exist in the directory.. Exiting Application
2017-08-01 09:22:49.9625 INFO Trying to connect to DMS Dynamics CRM.
2017-08-01 09:23:04.7686 INFO Trying to connect to DMS Dynamics CRM.
06 AM INFO ******** Import Integration Tool ********
06 AM INFO ******** Started : 20170801 11:06 AM ********
2017/08/01-11-07-AM INFO ******** Import Integration Tool ********
2017/08/01-11-07-AM INFO ******** Started : 20170801 11:07 AM ********
2017/08/01-11 08 AM INFO ******** Import Integration Tool ********
2017/08/01-11 08 AM INFO ******** Started : 20170801 11:08 AM ********
2017/08/01 11-08-AM INFO ******** Import Integration Tool ********
2017/08/01 11-08-AM INFO ******** Started : 20170801 11:08 AM ********
2017/08/01 02-00-PM INFO ******** Import Integration Tool ********
2017/08/01 02-00-PM INFO ******** Started : 20170801 02:00 PM ********
2017/08/01 02-00-PM INFO Trying to connect to DMS Dynamics CRM.
2017/08/01 02-00-PM INFO Successfully connected to DMS Dynamics CRM!
2017/08/01 02-00-PM INFO Checking configuration for file name..
2017/08/01 02-00-PM INFO Trying to open Vehicle Receiving.xlsx..
2017/08/01 02-00-PM INFO Starting to read the data..
2017/08/01 02-00-PM ERROR An unexpected error occured during the execution of import: Message : "The process cannot access the file 'C:\Users\i-jcadiao\Documents\Visual Studio 2013\Projects\ImportIntegration\ImportIntegration\bin\Debug\Vehicle Receiving.xlsx' because it is being used by another process." 
2017/08/01 02-00-PM INFO ******** Import Integration Tool ********
2017/08/01 02-00-PM INFO ******** Started : 20170801 02:00 PM ********
2017/08/01 02-00-PM INFO Trying to connect to DMS Dynamics CRM.
2017/08/01 02-00-PM INFO Successfully connected to DMS Dynamics CRM!
2017/08/01 02-00-PM INFO Checking configuration for file name..
2017/08/01 02-00-PM INFO Trying to open Vehicle Receiving.xlsx..
2017/08/01 02-00-PM INFO Starting to read the data..
2017/08/01 02-00-PM INFO 5 records found..
2017/08/01 02-00-PM INFO Starting to read the data..
2017/08/01 02-02-PM INFO ******** Import Integration Tool ********
2017/08/01 02-02-PM INFO ******** Started : 20170801 02:02 PM ********
2017/08/01 02-02-PM INFO Trying to connect to DMS Dynamics CRM.
2017/08/01 02-02-PM INFO Successfully connected to DMS Dynamics CRM!
2017/08/01 02-02-PM INFO Checking configuration for file name..
2017/08/01 02-02-PM INFO Trying to open Vehicle Receiving.xlsx..
2017/08/01 02-02-PM INFO Starting to read the data..
2017/08/01 02-02-PM INFO 4 records found..
2017/08/01 02-02-PM INFO Starting to read the data..
2017/08/01 02-06-PM INFO ******** Import Integration Tool ********
2017/08/01 02-06-PM INFO ******** Started : 20170801 02:06 PM ********
2017/08/01 02-06-PM INFO Trying to connect to DMS Dynamics CRM.
2017/08/01 02-06-PM INFO Successfully connected to DMS Dynamics CRM!
2017/08/01 02-06-PM INFO Checking configuration for file name..
2017/08/01 02-06-PM INFO Trying to open Vehicle Receiving.xlsx..
2017/08/01 02-06-PM INFO Starting to read the data..
2017/08/01 02-06-PM INFO 4 records found..
2017/08/01 02-06-PM INFO Starting to read the data..
2017/08/01 02-26-PM INFO ******** Import Integration Tool ********
2017/08/01 02-26-PM INFO ******** Started : 20170801 02:26 PM ********
2017/08/01 02-26-PM INFO Trying to connect to DMS Dynamics CRM.
2017/08/01 02-26-PM INFO Successfully connected to DMS Dynamics CRM!
2017/08/01 02-26-PM INFO Checking configuration for file name..
2017/08/01 02-26-PM INFO Trying to open Vehicle Receiving.xlsx..
2017/08/01 02-26-PM INFO Starting to read the data..
2017/08/01 02-26-PM INFO 4 records found..
2017/08/01 02-26-PM INFO Starting to read the data..
2017/08/01 02-33-PM INFO ******** Import Integration Tool ********
2017/08/01 02-33-PM INFO ******** Started : 20170801 02:33 PM ********
2017/08/01 02-33-PM INFO Trying to connect to DMS Dynamics CRM.
2017/08/01 02-33-PM INFO Successfully connected to DMS Dynamics CRM!
2017/08/01 02-33-PM INFO Checking configuration for file name..
2017/08/01 02-33-PM INFO Trying to open Vehicle Receiving.xlsx..
2017/08/01 02-33-PM INFO Starting to read the data..
2017/08/01 02-33-PM INFO 46 records found..
2017/08/01 02-33-PM INFO Starting to read the data..
2017/08/01 02-34-PM INFO ******** Import Integration Tool ********
2017/08/01 02-34-PM INFO ******** Started : 20170801 02:34 PM ********
2017/08/01 02-34-PM INFO Trying to connect to DMS Dynamics CRM.
2017/08/01 02-34-PM INFO Successfully connected to DMS Dynamics CRM!
2017/08/01 02-34-PM INFO Checking configuration for file name..
2017/08/01 02-34-PM INFO Trying to open Vehicle Receiving.xlsx..
2017/08/01 02-34-PM INFO Starting to read the data..
2017/08/01 02-34-PM INFO 46 records found..
2017/08/01 02-34-PM INFO Starting to read the data..
2017/08/01 02-34-PM INFO Trying to send email..
2017/08/01 02-34-PM INFO Import request has been processed. There were 0/46 records uploaded to the DMS Application
2017/08/01 02-34-PM INFO Import file C:\Users\i-jcadiao\Documents\Visual Studio 2013\Projects\ImportIntegration\ImportIntegration\bin\Debug\Vehicle Receiving.xlsx has been deleted in the directory
